{"/Projects/JSmentor/js_mentoring_kyiv_2015/Module8/Hw1/js-automation/index2.js":{"path":"/Projects/JSmentor/js_mentoring_kyiv_2015/Module8/Hw1/js-automation/index2.js","s":{"1":1,"2":2,"3":1},"b":{},"f":{"1":2},"fnMap":{"1":{"name":"squareNum","line":1,"loc":{"start":{"line":1,"column":0},"end":{"line":1,"column":24}}}},"statementMap":{"1":{"start":{"line":1,"column":0},"end":{"line":3,"column":1}},"2":{"start":{"line":2,"column":4},"end":{"line":2,"column":21}},"3":{"start":{"line":5,"column":0},"end":{"line":5,"column":37}}},"branchMap":{}}}